<?xml version="1.0" encoding="UTF-8"?>
<testng-results skipped="0" failed="0" ignored="0" total="1" passed="1">
  <reporter-output>
  </reporter-output>
  <suite name="Default suite" duration-ms="17640" started-at="2017-03-01T07:07:29Z" finished-at="2017-03-01T07:07:46Z">
    <groups>
    </groups>
    <test name="Default test" duration-ms="17640" started-at="2017-03-01T07:07:29Z" finished-at="2017-03-01T07:07:46Z">
      <class name="app11.A">
        <test-method status="PASS" signature="varifyTitle()[pri:0, instance:app11.A@523884b2]" name="varifyTitle" duration-ms="17581" started-at="2017-03-01T12:37:29Z" finished-at="2017-03-01T12:37:46Z">
          <reporter-output>
          </reporter-output>
        </test-method> <!-- varifyTitle -->
      </class> <!-- app11.A -->
    </test> <!-- Default test -->
  </suite> <!-- Default suite -->
</testng-results>
